# JRE version: OpenJDK Runtime Environment (21.0.6) (build 21.0.6+-13368085-b895.109)
# Java VM: OpenJDK 64-Bit Server VM (21.0.6+-13368085-b895.109, mixed mode, tiered, compressed oops, compressed class ptrs, g1 gc, windows-amd64)
GC Precious Log:
 CardTable entry size: 512
 Card Set container configuration: InlinePtr #cards 5 size 8 Array Of Cards #cards 12 size 40 Howl #buckets 4 coarsen threshold 1843 Howl Bitmap #cards 512 size 80 coarsen threshold 460 Card regions per heap region 1 cards per card region 2048
 CPUs: 8 total, 8 available
 Memory: 7069M
 Large Page Support: Disabled
 NUMA Support: Disabled
 Compressed Oops: Enabled (32-bit)
 Heap Region Size: 1M
 Heap Min Capacity: 8M
 Heap Initial Capacity: 112M
 Heap Max Capacity: 2G
 Pre-touch: Disabled
 Parallel Workers: 8
 Concurrent Workers: 2
 Concurrent Refinement Workers: 8
 Periodic GC: Disabled
Heap:
 garbage-first heap   total 95232K, used 58127K [0x0000000080000000, 0x0000000100000000)
  region size 1024K, 14 young (14336K), 5 survivors (5120K)
 Metaspace       used 67464K, committed 69120K, reserved 1114112K
  class space    used 9194K, committed 10048K, reserved 1048576K
GC Heap History (20 events):
Event: 8.163 GC heap before
{Heap before GC invocations=10 (full 0):
 garbage-first heap   total 78848K, used 65659K [0x0000000080000000, 0x0000000100000000)
  region size 1024K, 43 young (44032K), 6 survivors (6144K)
 Metaspace       used 45814K, committed 46976K, reserved 1114112K
  class space    used 6085K, committed 6656K, reserved 1048576K
}
Event: 8.171 GC heap after
{Heap after GC invocations=11 (full 0):
 garbage-first heap   total 78848K, used 32216K [0x0000000080000000, 0x0000000100000000)
  region size 1024K, 6 young (6144K), 6 survivors (6144K)
 Metaspace       used 45814K, committed 46976K, reserved 1114112K
  class space    used 6085K, committed 6656K, reserved 1048576K
}
Event: 8.593 GC heap before
{Heap before GC invocations=11 (full 0):
 garbage-first heap   total 78848K, used 67032K [0x0000000080000000, 0x0000000100000000)
  region size 1024K, 40 young (40960K), 6 survivors (6144K)
 Metaspace       used 47459K, committed 48704K, reserved 1114112K
  class space    used 6338K, committed 6976K, reserved 1048576K
}
Event: 8.598 GC heap after
{Heap after GC invocations=12 (full 0):
 garbage-first heap   total 78848K, used 33887K [0x0000000080000000, 0x0000000100000000)
  region size 1024K, 2 young (2048K), 2 survivors (2048K)
 Metaspace       used 47459K, committed 48704K, reserved 1114112K
  class space    used 6338K, committed 6976K, reserved 1048576K
}
Event: 9.429 GC heap before
{Heap before GC invocations=12 (full 0):
 garbage-first heap   total 78848K, used 68703K [0x0000000080000000, 0x0000000100000000)
  region size 1024K, 36 young (36864K), 2 survivors (2048K)
 Metaspace       used 51785K, committed 53248K, reserved 1114112K
  class space    used 7066K, committed 7808K, reserved 1048576K
}
Event: 9.433 GC heap after
{Heap after GC invocations=13 (full 0):
 garbage-first heap   total 95232K, used 36087K [0x0000000080000000, 0x0000000100000000)
  region size 1024K, 4 young (4096K), 4 survivors (4096K)
 Metaspace       used 51785K, committed 53248K, reserved 1114112K
  class space    used 7066K, committed 7808K, reserved 1048576K
}
Event: 10.599 GC heap before
{Heap before GC invocations=13 (full 0):
 garbage-first heap   total 95232K, used 84215K [0x0000000080000000, 0x0000000100000000)
  region size 1024K, 49 young (50176K), 4 survivors (4096K)
 Metaspace       used 58685K, committed 60224K, reserved 1114112K
  class space    used 7926K, committed 8704K, reserved 1048576K
}
Event: 10.603 GC heap after
{Heap after GC invocations=14 (full 0):
 garbage-first heap   total 95232K, used 37811K [0x0000000080000000, 0x0000000100000000)
  region size 1024K, 6 young (6144K), 6 survivors (6144K)
 Metaspace       used 58685K, committed 60224K, reserved 1114112K
  class space    used 7926K, committed 8704K, reserved 1048576K
}
Event: 10.635 GC heap before
{Heap before GC invocations=14 (full 0):
 garbage-first heap   total 95232K, used 38835K [0x0000000080000000, 0x0000000100000000)
  region size 1024K, 8 young (8192K), 6 survivors (6144K)
 Metaspace       used 58918K, committed 60480K, reserved 1114112K
  class space    used 7958K, committed 8768K, reserved 1048576K
}
Event: 10.639 GC heap after
{Heap after GC invocations=15 (full 0):
 garbage-first heap   total 95232K, used 38041K [0x0000000080000000, 0x0000000100000000)
  region size 1024K, 3 young (3072K), 3 survivors (3072K)
 Metaspace       used 58918K, committed 60480K, reserved 1114112K
  class space    used 7958K, committed 8768K, reserved 1048576K
}
Event: 12.074 GC heap before
{Heap before GC invocations=16 (full 0):
 garbage-first heap   total 95232K, used 85145K [0x0000000080000000, 0x0000000100000000)
  region size 1024K, 49 young (50176K), 3 survivors (3072K)
 Metaspace       used 64954K, committed 66624K, reserved 1114112K
  class space    used 8910K, committed 9728K, reserved 1048576K
}
Event: 12.080 GC heap after
{Heap after GC invocations=17 (full 0):
 garbage-first heap   total 95232K, used 41446K [0x0000000080000000, 0x0000000100000000)
  region size 1024K, 6 young (6144K), 6 survivors (6144K)
 Metaspace       used 64954K, committed 66624K, reserved 1114112K
  class space    used 8910K, committed 9728K, reserved 1048576K
}
Event: 13.187 GC heap before
{Heap before GC invocations=17 (full 0):
 garbage-first heap   total 95232K, used 81382K [0x0000000080000000, 0x0000000100000000)
  region size 1024K, 46 young (47104K), 6 survivors (6144K)
 Metaspace       used 66134K, committed 67840K, reserved 1114112K
  class space    used 9033K, committed 9856K, reserved 1048576K
}
Event: 13.197 GC heap after
{Heap after GC invocations=18 (full 0):
 garbage-first heap   total 95232K, used 45187K [0x0000000080000000, 0x0000000100000000)
  region size 1024K, 6 young (6144K), 6 survivors (6144K)
 Metaspace       used 66134K, committed 67840K, reserved 1114112K
  class space    used 9033K, committed 9856K, reserved 1048576K
}
Event: 13.680 GC heap before
{Heap before GC invocations=18 (full 0):
 garbage-first heap   total 95232K, used 81027K [0x0000000080000000, 0x0000000100000000)
  region size 1024K, 42 young (43008K), 6 survivors (6144K)
 Metaspace       used 66591K, committed 68224K, reserved 1114112K
  class space    used 9060K, committed 9856K, reserved 1048576K
}
Event: 13.684 GC heap after
{Heap after GC invocations=19 (full 0):
 garbage-first heap   total 95232K, used 45960K [0x0000000080000000, 0x0000000100000000)
  region size 1024K, 4 young (4096K), 4 survivors (4096K)
 Metaspace       used 66591K, committed 68224K, reserved 1114112K
  class space    used 9060K, committed 9856K, reserved 1048576K
}
Event: 14.035 GC heap before
{Heap before GC invocations=19 (full 0):
 garbage-first heap   total 95232K, used 82824K [0x0000000080000000, 0x0000000100000000)
  region size 1024K, 41 young (41984K), 4 survivors (4096K)
 Metaspace       used 66736K, committed 68416K, reserved 1114112K
  class space    used 9068K, committed 9856K, reserved 1048576K
}
Event: 14.039 GC heap after
{Heap after GC invocations=20 (full 0):
 garbage-first heap   total 95232K, used 46617K [0x0000000080000000, 0x0000000100000000)
  region size 1024K, 4 young (4096K), 4 survivors (4096K)
 Metaspace       used 66736K, committed 68416K, reserved 1114112K
  class space    used 9068K, committed 9856K, reserved 1048576K
}
Event: 14.473 GC heap before
{Heap before GC invocations=21 (full 0):
 garbage-first heap   total 95232K, used 83481K [0x0000000080000000, 0x0000000100000000)
  region size 1024K, 41 young (41984K), 4 survivors (4096K)
 Metaspace       used 66923K, committed 68544K, reserved 1114112K
  class space    used 9103K, committed 9920K, reserved 1048576K
}
Event: 14.478 GC heap after
{Heap after GC invocations=22 (full 0):
 garbage-first heap   total 95232K, used 47887K [0x0000000080000000, 0x0000000100000000)
  region size 1024K, 5 young (5120K), 5 survivors (5120K)
 Metaspace       used 66923K, committed 68544K, reserved 1114112K
  class space    used 9103K, committed 9920K, reserved 1048576K
}

