# JRE version: OpenJDK Runtime Environment (21.0.6) (build 21.0.6+-13368085-b895.109)
# Java VM: OpenJDK 64-Bit Server VM (21.0.6+-13368085-b895.109, mixed mode, tiered, compressed oops, compressed class ptrs, g1 gc, windows-amd64)
GC Precious Log:
 CardTable entry size: 512
 Card Set container configuration: InlinePtr #cards 5 size 8 Array Of Cards #cards 12 size 40 Howl #buckets 4 coarsen threshold 1843 Howl Bitmap #cards 512 size 80 coarsen threshold 460 Card regions per heap region 1 cards per card region 2048
 CPUs: 8 total, 8 available
 Memory: 7069M
 Large Page Support: Disabled
 NUMA Support: Disabled
 Compressed Oops: Enabled (32-bit)
 Heap Region Size: 1M
 Heap Min Capacity: 8M
 Heap Initial Capacity: 112M
 Heap Max Capacity: 2G
 Pre-touch: Disabled
 Parallel Workers: 8
 Concurrent Workers: 2
 Concurrent Refinement Workers: 8
 Periodic GC: Disabled
Heap:
 garbage-first heap   total 126976K, used 77145K [0x0000000080000000, 0x0000000100000000)
  region size 1024K, 6 young (6144K), 4 survivors (4096K)
 Metaspace       used 91149K, committed 93120K, reserved 1179648K
  class space    used 12441K, committed 13440K, reserved 1048576K
GC Heap History (20 events):
Event: 16.874 GC heap before
{Heap before GC invocations=22 (full 0):
 garbage-first heap   total 97280K, used 84429K [0x0000000080000000, 0x0000000100000000)
  region size 1024K, 41 young (41984K), 3 survivors (3072K)
 Metaspace       used 66675K, committed 68352K, reserved 1114112K
  class space    used 9050K, committed 9856K, reserved 1048576K
}
Event: 16.878 GC heap after
{Heap after GC invocations=23 (full 0):
 garbage-first heap   total 97280K, used 47642K [0x0000000080000000, 0x0000000100000000)
  region size 1024K, 4 young (4096K), 4 survivors (4096K)
 Metaspace       used 66675K, committed 68352K, reserved 1114112K
  class space    used 9050K, committed 9856K, reserved 1048576K
}
Event: 17.142 GC heap before
{Heap before GC invocations=23 (full 0):
 garbage-first heap   total 97280K, used 66074K [0x0000000080000000, 0x0000000100000000)
  region size 1024K, 24 young (24576K), 4 survivors (4096K)
 Metaspace       used 66929K, committed 68608K, reserved 1114112K
  class space    used 9088K, committed 9920K, reserved 1048576K
}
Event: 17.147 GC heap after
{Heap after GC invocations=24 (full 0):
 garbage-first heap   total 97280K, used 48427K [0x0000000080000000, 0x0000000100000000)
  region size 1024K, 4 young (4096K), 4 survivors (4096K)
 Metaspace       used 66929K, committed 68608K, reserved 1114112K
  class space    used 9088K, committed 9920K, reserved 1048576K
}
Event: 17.887 GC heap before
{Heap before GC invocations=25 (full 0):
 garbage-first heap   total 97280K, used 91435K [0x0000000080000000, 0x0000000100000000)
  region size 1024K, 40 young (40960K), 4 survivors (4096K)
 Metaspace       used 69378K, committed 71168K, reserved 1114112K
  class space    used 9405K, committed 10304K, reserved 1048576K
}
Event: 17.894 GC heap after
{Heap after GC invocations=26 (full 0):
 garbage-first heap   total 103424K, used 60894K [0x0000000080000000, 0x0000000100000000)
  region size 1024K, 5 young (5120K), 5 survivors (5120K)
 Metaspace       used 69378K, committed 71168K, reserved 1114112K
  class space    used 9405K, committed 10304K, reserved 1048576K
}
Event: 18.512 GC heap before
{Heap before GC invocations=26 (full 0):
 garbage-first heap   total 103424K, used 91614K [0x0000000080000000, 0x0000000100000000)
  region size 1024K, 35 young (35840K), 5 survivors (5120K)
 Metaspace       used 72409K, committed 74176K, reserved 1114112K
  class space    used 9738K, committed 10624K, reserved 1048576K
}
Event: 18.517 GC heap after
{Heap after GC invocations=27 (full 0):
 garbage-first heap   total 103424K, used 60852K [0x0000000080000000, 0x0000000100000000)
  region size 1024K, 1 young (1024K), 1 survivors (1024K)
 Metaspace       used 72409K, committed 74176K, reserved 1114112K
  class space    used 9738K, committed 10624K, reserved 1048576K
}
Event: 19.176 GC heap before
{Heap before GC invocations=27 (full 0):
 garbage-first heap   total 103424K, used 92596K [0x0000000080000000, 0x0000000100000000)
  region size 1024K, 32 young (32768K), 1 survivors (1024K)
 Metaspace       used 75830K, committed 77696K, reserved 1179648K
  class space    used 10256K, committed 11200K, reserved 1048576K
}
Event: 19.180 GC heap after
{Heap after GC invocations=28 (full 0):
 garbage-first heap   total 103424K, used 61876K [0x0000000080000000, 0x0000000100000000)
  region size 1024K, 2 young (2048K), 2 survivors (2048K)
 Metaspace       used 75830K, committed 77696K, reserved 1179648K
  class space    used 10256K, committed 11200K, reserved 1048576K
}
Event: 19.833 GC heap before
{Heap before GC invocations=29 (full 0):
 garbage-first heap   total 104448K, used 97716K [0x0000000080000000, 0x0000000100000000)
  region size 1024K, 33 young (33792K), 2 survivors (2048K)
 Metaspace       used 78182K, committed 80128K, reserved 1179648K
  class space    used 10551K, committed 11520K, reserved 1048576K
}
Event: 19.840 GC heap after
{Heap after GC invocations=30 (full 0):
 garbage-first heap   total 105472K, used 67444K [0x0000000080000000, 0x0000000100000000)
  region size 1024K, 5 young (5120K), 5 survivors (5120K)
 Metaspace       used 78182K, committed 80128K, reserved 1179648K
  class space    used 10551K, committed 11520K, reserved 1048576K
}
Event: 20.531 GC heap before
{Heap before GC invocations=30 (full 0):
 garbage-first heap   total 105472K, used 94068K [0x0000000080000000, 0x0000000100000000)
  region size 1024K, 31 young (31744K), 5 survivors (5120K)
 Metaspace       used 80205K, committed 82112K, reserved 1179648K
  class space    used 10805K, committed 11776K, reserved 1048576K
}
Event: 20.544 GC heap after
{Heap after GC invocations=31 (full 0):
 garbage-first heap   total 105472K, used 68783K [0x0000000080000000, 0x0000000100000000)
  region size 1024K, 2 young (2048K), 2 survivors (2048K)
 Metaspace       used 80205K, committed 82112K, reserved 1179648K
  class space    used 10805K, committed 11776K, reserved 1048576K
}
Event: 21.911 GC heap before
{Heap before GC invocations=31 (full 0):
 garbage-first heap   total 105472K, used 96431K [0x0000000080000000, 0x0000000100000000)
  region size 1024K, 29 young (29696K), 2 survivors (2048K)
 Metaspace       used 82403K, committed 84288K, reserved 1179648K
  class space    used 11081K, committed 12032K, reserved 1048576K
}
Event: 21.919 GC heap after
{Heap after GC invocations=32 (full 0):
 garbage-first heap   total 126976K, used 72042K [0x0000000080000000, 0x0000000100000000)
  region size 1024K, 4 young (4096K), 4 survivors (4096K)
 Metaspace       used 82403K, committed 84288K, reserved 1179648K
  class space    used 11081K, committed 12032K, reserved 1048576K
}
Event: 23.846 GC heap before
{Heap before GC invocations=33 (full 0):
 garbage-first heap   total 126976K, used 111978K [0x0000000080000000, 0x0000000100000000)
  region size 1024K, 44 young (45056K), 4 survivors (4096K)
 Metaspace       used 84767K, committed 86656K, reserved 1179648K
  class space    used 11404K, committed 12352K, reserved 1048576K
}
Event: 23.855 GC heap after
{Heap after GC invocations=34 (full 0):
 garbage-first heap   total 126976K, used 74446K [0x0000000080000000, 0x0000000100000000)
  region size 1024K, 5 young (5120K), 5 survivors (5120K)
 Metaspace       used 84767K, committed 86656K, reserved 1179648K
  class space    used 11404K, committed 12352K, reserved 1048576K
}
Event: 25.574 GC heap before
{Heap before GC invocations=34 (full 0):
 garbage-first heap   total 126976K, used 114382K [0x0000000080000000, 0x0000000100000000)
  region size 1024K, 43 young (44032K), 5 survivors (5120K)
 Metaspace       used 87794K, committed 89728K, reserved 1179648K
  class space    used 11893K, committed 12864K, reserved 1048576K
}
Event: 25.581 GC heap after
{Heap after GC invocations=35 (full 0):
 garbage-first heap   total 126976K, used 74232K [0x0000000080000000, 0x0000000100000000)
  region size 1024K, 2 young (2048K), 2 survivors (2048K)
 Metaspace       used 87794K, committed 89728K, reserved 1179648K
  class space    used 11893K, committed 12864K, reserved 1048576K
}

