# JRE version: OpenJDK Runtime Environment (21.0.6) (build 21.0.6+-13368085-b895.109)
# Java VM: OpenJDK 64-Bit Server VM (21.0.6+-13368085-b895.109, mixed mode, tiered, compressed oops, compressed class ptrs, g1 gc, windows-amd64)
GC Precious Log:
 CardTable entry size: 512
 Card Set container configuration: InlinePtr #cards 5 size 8 Array Of Cards #cards 12 size 40 Howl #buckets 4 coarsen threshold 1843 Howl Bitmap #cards 512 size 80 coarsen threshold 460 Card regions per heap region 1 cards per card region 2048
 CPUs: 8 total, 8 available
 Memory: 7069M
 Large Page Support: Disabled
 NUMA Support: Disabled
 Compressed Oops: Enabled (32-bit)
 Heap Region Size: 1M
 Heap Min Capacity: 8M
 Heap Initial Capacity: 112M
 Heap Max Capacity: 2G
 Pre-touch: Disabled
 Parallel Workers: 8
 Concurrent Workers: 2
 Concurrent Refinement Workers: 8
 Periodic GC: Disabled
Heap:
 garbage-first heap   total 165888K, used 132029K [0x0000000080000000, 0x0000000100000000)
  region size 1024K, 38 young (38912K), 4 survivors (4096K)
 Metaspace       used 110665K, committed 112768K, reserved 1179648K
  class space    used 15138K, committed 16192K, reserved 1048576K
GC Heap History (20 events):
Event: 26.413 GC heap before
{Heap before GC invocations=33 (full 0):
 garbage-first heap   total 111616K, used 98920K [0x0000000080000000, 0x0000000100000000)
  region size 1024K, 32 young (32768K), 5 survivors (5120K)
 Metaspace       used 87855K, committed 89664K, reserved 1179648K
  class space    used 11809K, committed 12736K, reserved 1048576K
}
Event: 26.422 GC heap after
{Heap after GC invocations=34 (full 0):
 garbage-first heap   total 111616K, used 74278K [0x0000000080000000, 0x0000000100000000)
  region size 1024K, 4 young (4096K), 4 survivors (4096K)
 Metaspace       used 87855K, committed 89664K, reserved 1179648K
  class space    used 11809K, committed 12736K, reserved 1048576K
}
Event: 27.049 GC heap before
{Heap before GC invocations=35 (full 0):
 garbage-first heap   total 124928K, used 98854K [0x0000000080000000, 0x0000000100000000)
  region size 1024K, 29 young (29696K), 4 survivors (4096K)
 Metaspace       used 89051K, committed 91008K, reserved 1179648K
  class space    used 11955K, committed 12928K, reserved 1048576K
}
Event: 27.055 GC heap after
{Heap after GC invocations=36 (full 0):
 garbage-first heap   total 124928K, used 75913K [0x0000000080000000, 0x0000000100000000)
  region size 1024K, 3 young (3072K), 3 survivors (3072K)
 Metaspace       used 89051K, committed 91008K, reserved 1179648K
  class space    used 11955K, committed 12928K, reserved 1048576K
}
Event: 28.042 GC heap before
{Heap before GC invocations=36 (full 0):
 garbage-first heap   total 124928K, used 110729K [0x0000000080000000, 0x0000000100000000)
  region size 1024K, 37 young (37888K), 3 survivors (3072K)
 Metaspace       used 91678K, committed 93568K, reserved 1179648K
  class space    used 12332K, committed 13312K, reserved 1048576K
}
Event: 28.046 GC heap after
{Heap after GC invocations=37 (full 0):
 garbage-first heap   total 124928K, used 75309K [0x0000000080000000, 0x0000000100000000)
  region size 1024K, 2 young (2048K), 2 survivors (2048K)
 Metaspace       used 91678K, committed 93568K, reserved 1179648K
  class space    used 12332K, committed 13312K, reserved 1048576K
}
Event: 29.136 GC heap before
{Heap before GC invocations=37 (full 0):
 garbage-first heap   total 124928K, used 111149K [0x0000000080000000, 0x0000000100000000)
  region size 1024K, 37 young (37888K), 2 survivors (2048K)
 Metaspace       used 94658K, committed 96640K, reserved 1179648K
  class space    used 12890K, committed 13888K, reserved 1048576K
}
Event: 29.141 GC heap after
{Heap after GC invocations=38 (full 0):
 garbage-first heap   total 124928K, used 76738K [0x0000000080000000, 0x0000000100000000)
  region size 1024K, 3 young (3072K), 3 survivors (3072K)
 Metaspace       used 94658K, committed 96640K, reserved 1179648K
  class space    used 12890K, committed 13888K, reserved 1048576K
}
Event: 30.140 GC heap before
{Heap before GC invocations=39 (full 0):
 garbage-first heap   total 130048K, used 113602K [0x0000000080000000, 0x0000000100000000)
  region size 1024K, 39 young (39936K), 3 survivors (3072K)
 Metaspace       used 97552K, committed 99584K, reserved 1179648K
  class space    used 13340K, committed 14336K, reserved 1048576K
}
Event: 30.146 GC heap after
{Heap after GC invocations=40 (full 0):
 garbage-first heap   total 156672K, used 78770K [0x0000000080000000, 0x0000000100000000)
  region size 1024K, 4 young (4096K), 4 survivors (4096K)
 Metaspace       used 97552K, committed 99584K, reserved 1179648K
  class space    used 13340K, committed 14336K, reserved 1048576K
}
Event: 32.128 GC heap before
{Heap before GC invocations=40 (full 0):
 garbage-first heap   total 156672K, used 138162K [0x0000000080000000, 0x0000000100000000)
  region size 1024K, 62 young (63488K), 4 survivors (4096K)
 Metaspace       used 102102K, committed 104128K, reserved 1179648K
  class space    used 14031K, committed 15040K, reserved 1048576K
}
Event: 32.138 GC heap after
{Heap after GC invocations=41 (full 0):
 garbage-first heap   total 156672K, used 80935K [0x0000000080000000, 0x0000000100000000)
  region size 1024K, 7 young (7168K), 7 survivors (7168K)
 Metaspace       used 102102K, committed 104128K, reserved 1179648K
  class space    used 14031K, committed 15040K, reserved 1048576K
}
Event: 34.078 GC heap before
{Heap before GC invocations=41 (full 0):
 garbage-first heap   total 156672K, used 138279K [0x0000000080000000, 0x0000000100000000)
  region size 1024K, 64 young (65536K), 7 survivors (7168K)
 Metaspace       used 107508K, committed 109632K, reserved 1179648K
  class space    used 14796K, committed 15872K, reserved 1048576K
}
Event: 34.092 GC heap after
{Heap after GC invocations=42 (full 0):
 garbage-first heap   total 156672K, used 86180K [0x0000000080000000, 0x0000000100000000)
  region size 1024K, 8 young (8192K), 8 survivors (8192K)
 Metaspace       used 107508K, committed 109632K, reserved 1179648K
  class space    used 14796K, committed 15872K, reserved 1048576K
}
Event: 34.813 GC heap before
{Heap before GC invocations=43 (full 0):
 garbage-first heap   total 156672K, used 137380K [0x0000000080000000, 0x0000000100000000)
  region size 1024K, 59 young (60416K), 8 survivors (8192K)
 Metaspace       used 107562K, committed 109696K, reserved 1179648K
  class space    used 14800K, committed 15872K, reserved 1048576K
}
Event: 34.827 GC heap after
{Heap after GC invocations=44 (full 0):
 garbage-first heap   total 156672K, used 90352K [0x0000000080000000, 0x0000000100000000)
  region size 1024K, 5 young (5120K), 5 survivors (5120K)
 Metaspace       used 107562K, committed 109696K, reserved 1179648K
  class space    used 14800K, committed 15872K, reserved 1048576K
}
Event: 35.741 GC heap before
{Heap before GC invocations=44 (full 0):
 garbage-first heap   total 156672K, used 140528K [0x0000000080000000, 0x0000000100000000)
  region size 1024K, 55 young (56320K), 5 survivors (5120K)
 Metaspace       used 107863K, committed 110016K, reserved 1179648K
  class space    used 14842K, committed 15936K, reserved 1048576K
}
Event: 35.752 GC heap after
{Heap after GC invocations=45 (full 0):
 garbage-first heap   total 156672K, used 92146K [0x0000000080000000, 0x0000000100000000)
  region size 1024K, 7 young (7168K), 7 survivors (7168K)
 Metaspace       used 107863K, committed 110016K, reserved 1179648K
  class space    used 14842K, committed 15936K, reserved 1048576K
}
Event: 36.488 GC heap before
{Heap before GC invocations=45 (full 0):
 garbage-first heap   total 156672K, used 113650K [0x0000000080000000, 0x0000000100000000)
  region size 1024K, 30 young (30720K), 7 survivors (7168K)
 Metaspace       used 108404K, committed 110528K, reserved 1179648K
  class space    used 14926K, committed 16000K, reserved 1048576K
}
Event: 36.497 GC heap after
{Heap after GC invocations=46 (full 0):
 garbage-first heap   total 156672K, used 94141K [0x0000000080000000, 0x0000000100000000)
  region size 1024K, 4 young (4096K), 4 survivors (4096K)
 Metaspace       used 108404K, committed 110528K, reserved 1179648K
  class space    used 14926K, committed 16000K, reserved 1048576K
}

